[{"line":40,"elements":[{"start_timestamp":"2024-01-19T16:34:22.225Z","line":52,"name":"Scotia bank Login Test with Wrong credentials","description":"","id":"scotia-bank-login;scotia-bank-login-test-with-wrong-credentials;;2","type":"scenario","keyword":"Scenario","steps":[{"result":{"duration":15791383000,"status":"passed"},"line":44,"name":"user is already on Login Page","match":{"location":"stepdefinations.LoginStepDefination.user_is_already_on_Login_Page()"},"keyword":"Given "},{"result":{"duration":39705500,"status":"passed"},"line":45,"name":"title of login page is \"Sign in | Scotiabank\"","match":{"arguments":[{"val":"Sign in | Scotiabank","offset":24}],"location":"stepdefinations.LoginStepDefination.title_of_login_page_is(java.lang.String)"},"keyword":"When "},{"result":{"duration":395867100,"status":"passed"},"line":46,"name":"user enters \"hsdoihdi\" and \"jfwoedjfe\"","match":{"arguments":[{"val":"hsdoihdi","offset":13},{"val":"jfwoedjfe","offset":28}],"location":"stepdefinations.LoginStepDefination.user_enters_and(java.lang.String,java.lang.String)"},"keyword":"Then "},{"result":{"duration":70439500,"status":"passed"},"line":47,"name":"user clicks on login button","match":{"location":"stepdefinations.LoginStepDefination.user_clicks_on_login_button()"},"keyword":"Then "},{"result":{"error_message":"org.openqa.selenium.NoSuchElementException: Unable to locate element: #UsernameTextField__errors\\-usernameInput\nFor documentation on this error, please visit: https://www.selenium.dev/documentation/webdriver/troubleshooting/errors#no-such-element-exception\nBuild info: version: '4.16.1', revision: '9b4c83354e'\nSystem info: os.name: 'Windows 11', os.arch: 'amd64', os.version: '10.0', java.version: '17.0.9'\nDriver info: org.openqa.selenium.firefox.FirefoxDriver\nCommand: [836d7f6e-e269-4330-9cf5-849707521ebd, findElement {using=id, value=UsernameTextField__errors-usernameInput}]\nCapabilities {acceptInsecureCerts: true, browserName: firefox, browserVersion: 121.0.1, moz:accessibilityChecks: false, moz:buildID: 20240108143603, moz:debuggerAddress: 127.0.0.1:1698, moz:geckodriverVersion: 0.34.0, moz:headless: false, moz:platformVersion: 10.0, moz:processID: 47664, moz:profile: C:\\Users\\jaybr\\AppData\\Loca..., moz:shutdownTimeout: 60000, moz:webdriverClick: true, moz:windowless: false, pageLoadStrategy: normal, platformName: windows, proxy: Proxy(), se:cdp: ws://127.0.0.1:1698/devtool..., se:cdpVersion: 85.0, setWindowRect: true, strictFileInteractability: false, timeouts: {implicit: 0, pageLoad: 300000, script: 30000}, unhandledPromptBehavior: dismiss and notify}\nSession ID: 836d7f6e-e269-4330-9cf5-849707521ebd\r\n\tat java.base/jdk.internal.reflect.NativeConstructorAccessorImpl.newInstance0(Native Method)\r\n\tat java.base/jdk.internal.reflect.NativeConstructorAccessorImpl.newInstance(NativeConstructorAccessorImpl.java:77)\r\n\tat java.base/jdk.internal.reflect.DelegatingConstructorAccessorImpl.newInstance(DelegatingConstructorAccessorImpl.java:45)\r\n\tat java.base/java.lang.reflect.Constructor.newInstanceWithCaller(Constructor.java:499)\r\n\tat java.base/java.lang.reflect.Constructor.newInstance(Constructor.java:480)\r\n\tat org.openqa.selenium.remote.codec.w3c.W3CHttpResponseCodec.createException(W3CHttpResponseCodec.java:200)\r\n\tat org.openqa.selenium.remote.codec.w3c.W3CHttpResponseCodec.decode(W3CHttpResponseCodec.java:133)\r\n\tat org.openqa.selenium.remote.codec.w3c.W3CHttpResponseCodec.decode(W3CHttpResponseCodec.java:52)\r\n\tat org.openqa.selenium.remote.HttpCommandExecutor.execute(HttpCommandExecutor.java:191)\r\n\tat org.openqa.selenium.remote.service.DriverCommandExecutor.invokeExecute(DriverCommandExecutor.java:200)\r\n\tat org.openqa.selenium.remote.service.DriverCommandExecutor.execute(DriverCommandExecutor.java:175)\r\n\tat org.openqa.selenium.remote.RemoteWebDriver.execute(RemoteWebDriver.java:523)\r\n\tat org.openqa.selenium.remote.ElementLocation$ElementFinder$2.findElement(ElementLocation.java:165)\r\n\tat org.openqa.selenium.remote.ElementLocation.findElement(ElementLocation.java:59)\r\n\tat org.openqa.selenium.remote.RemoteWebDriver.findElement(RemoteWebDriver.java:360)\r\n\tat org.openqa.selenium.remote.RemoteWebDriver.findElement(RemoteWebDriver.java:354)\r\n\tat pages.LoginPage.readEmailErr(LoginPage.java:36)\r\n\tat stepdefinations.LoginStepDefination.user_get_error_for_email(LoginStepDefination.java:41)\r\n\tat ✽.user get error for email(file:///C:/QA/Selenium_WorkSpace/CucumberProjectBatch77/src/test/java/features/login.feature:48)\r\n","duration":16366700,"status":"failed"},"line":48,"name":"user get error for email","match":{"location":"stepdefinations.LoginStepDefination.user_get_error_for_email()"},"keyword":"Then "},{"result":{"status":"skipped"},"line":49,"name":"user quit","match":{"location":"stepdefinations.LoginStepDefination.user_quit()"},"keyword":"Then "}]},{"start_timestamp":"2024-01-19T16:34:38.626Z","line":53,"name":"Scotia bank Login Test with Wrong credentials","description":"","id":"scotia-bank-login;scotia-bank-login-test-with-wrong-credentials;;3","type":"scenario","keyword":"Scenario","steps":[{"result":{"duration":7281629300,"status":"passed"},"line":44,"name":"user is already on Login Page","match":{"location":"stepdefinations.LoginStepDefination.user_is_already_on_Login_Page()"},"keyword":"Given "},{"result":{"duration":4527700,"status":"passed"},"line":45,"name":"title of login page is \"Sign in | Scotiabank\"","match":{"arguments":[{"val":"Sign in | Scotiabank","offset":24}],"location":"stepdefinations.LoginStepDefination.title_of_login_page_is(java.lang.String)"},"keyword":"When "},{"result":{"duration":213027300,"status":"passed"},"line":46,"name":"user enters \"hifdhui\" and \"huifnci\"","match":{"arguments":[{"val":"hifdhui","offset":13},{"val":"huifnci","offset":27}],"location":"stepdefinations.LoginStepDefination.user_enters_and(java.lang.String,java.lang.String)"},"keyword":"Then "},{"result":{"duration":33603200,"status":"passed"},"line":47,"name":"user clicks on login button","match":{"location":"stepdefinations.LoginStepDefination.user_clicks_on_login_button()"},"keyword":"Then "},{"result":{"error_message":"org.openqa.selenium.NoSuchElementException: Unable to locate element: #UsernameTextField__errors\\-usernameInput\nFor documentation on this error, please visit: https://www.selenium.dev/documentation/webdriver/troubleshooting/errors#no-such-element-exception\nBuild info: version: '4.16.1', revision: '9b4c83354e'\nSystem info: os.name: 'Windows 11', os.arch: 'amd64', os.version: '10.0', java.version: '17.0.9'\nDriver info: org.openqa.selenium.firefox.FirefoxDriver\nCommand: [cc004ef1-133f-4d35-9da6-8ffd635c78d8, findElement {using=id, value=UsernameTextField__errors-usernameInput}]\nCapabilities {acceptInsecureCerts: true, browserName: firefox, browserVersion: 121.0.1, moz:accessibilityChecks: false, moz:buildID: 20240108143603, moz:debuggerAddress: 127.0.0.1:6092, moz:geckodriverVersion: 0.34.0, moz:headless: false, moz:platformVersion: 10.0, moz:processID: 39144, moz:profile: C:\\Users\\jaybr\\AppData\\Loca..., moz:shutdownTimeout: 60000, moz:webdriverClick: true, moz:windowless: false, pageLoadStrategy: normal, platformName: windows, proxy: Proxy(), se:cdp: ws://127.0.0.1:6092/devtool..., se:cdpVersion: 85.0, setWindowRect: true, strictFileInteractability: false, timeouts: {implicit: 0, pageLoad: 300000, script: 30000}, unhandledPromptBehavior: dismiss and notify}\nSession ID: cc004ef1-133f-4d35-9da6-8ffd635c78d8\r\n\tat java.base/jdk.internal.reflect.NativeConstructorAccessorImpl.newInstance0(Native Method)\r\n\tat java.base/jdk.internal.reflect.NativeConstructorAccessorImpl.newInstance(NativeConstructorAccessorImpl.java:77)\r\n\tat java.base/jdk.internal.reflect.DelegatingConstructorAccessorImpl.newInstance(DelegatingConstructorAccessorImpl.java:45)\r\n\tat java.base/java.lang.reflect.Constructor.newInstanceWithCaller(Constructor.java:499)\r\n\tat java.base/java.lang.reflect.Constructor.newInstance(Constructor.java:480)\r\n\tat org.openqa.selenium.remote.codec.w3c.W3CHttpResponseCodec.createException(W3CHttpResponseCodec.java:200)\r\n\tat org.openqa.selenium.remote.codec.w3c.W3CHttpResponseCodec.decode(W3CHttpResponseCodec.java:133)\r\n\tat org.openqa.selenium.remote.codec.w3c.W3CHttpResponseCodec.decode(W3CHttpResponseCodec.java:52)\r\n\tat org.openqa.selenium.remote.HttpCommandExecutor.execute(HttpCommandExecutor.java:191)\r\n\tat org.openqa.selenium.remote.service.DriverCommandExecutor.invokeExecute(DriverCommandExecutor.java:200)\r\n\tat org.openqa.selenium.remote.service.DriverCommandExecutor.execute(DriverCommandExecutor.java:175)\r\n\tat org.openqa.selenium.remote.RemoteWebDriver.execute(RemoteWebDriver.java:523)\r\n\tat org.openqa.selenium.remote.ElementLocation$ElementFinder$2.findElement(ElementLocation.java:165)\r\n\tat org.openqa.selenium.remote.ElementLocation.findElement(ElementLocation.java:59)\r\n\tat org.openqa.selenium.remote.RemoteWebDriver.findElement(RemoteWebDriver.java:360)\r\n\tat org.openqa.selenium.remote.RemoteWebDriver.findElement(RemoteWebDriver.java:354)\r\n\tat pages.LoginPage.readEmailErr(LoginPage.java:36)\r\n\tat stepdefinations.LoginStepDefination.user_get_error_for_email(LoginStepDefination.java:41)\r\n\tat ✽.user get error for email(file:///C:/QA/Selenium_WorkSpace/CucumberProjectBatch77/src/test/java/features/login.feature:48)\r\n","duration":9464500,"status":"failed"},"line":48,"name":"user get error for email","match":{"location":"stepdefinations.LoginStepDefination.user_get_error_for_email()"},"keyword":"Then "},{"result":{"status":"skipped"},"line":49,"name":"user quit","match":{"location":"stepdefinations.LoginStepDefination.user_quit()"},"keyword":"Then "}]},{"start_timestamp":"2024-01-19T16:34:46.185Z","line":54,"name":"Scotia bank Login Test with Wrong credentials","description":"","id":"scotia-bank-login;scotia-bank-login-test-with-wrong-credentials;;4","type":"scenario","keyword":"Scenario","steps":[{"result":{"duration":7911309900,"status":"passed"},"line":44,"name":"user is already on Login Page","match":{"location":"stepdefinations.LoginStepDefination.user_is_already_on_Login_Page()"},"keyword":"Given "},{"result":{"duration":7998500,"status":"passed"},"line":45,"name":"title of login page is \"Sign in | Scotiabank\"","match":{"arguments":[{"val":"Sign in | Scotiabank","offset":24}],"location":"stepdefinations.LoginStepDefination.title_of_login_page_is(java.lang.String)"},"keyword":"When "},{"result":{"duration":167361400,"status":"passed"},"line":46,"name":"user enters \"h2idiw@@\" and \"njiui@\"","match":{"arguments":[{"val":"h2idiw@@","offset":13},{"val":"njiui@","offset":28}],"location":"stepdefinations.LoginStepDefination.user_enters_and(java.lang.String,java.lang.String)"},"keyword":"Then "},{"result":{"duration":44978200,"status":"passed"},"line":47,"name":"user clicks on login button","match":{"location":"stepdefinations.LoginStepDefination.user_clicks_on_login_button()"},"keyword":"Then "},{"result":{"duration":31383400,"status":"passed"},"line":48,"name":"user get error for email","match":{"location":"stepdefinations.LoginStepDefination.user_get_error_for_email()"},"keyword":"Then "},{"result":{"duration":940260000,"status":"passed"},"line":49,"name":"user quit","match":{"location":"stepdefinations.LoginStepDefination.user_quit()"},"keyword":"Then "}]}],"name":"Scotia bank Login","description":"","id":"scotia-bank-login","keyword":"Feature","uri":"file:src/test/java/features/login.feature","tags":[]}]